<?xml version="1.0" encoding="UTF-8"?>
<!-- Generated by org.testng.reporters.JUnitXMLReporter -->
<testsuite hostname="MP-LAP-321" name="IntegrationTest" tests="40" failures="0" timestamp="3 Dec 2018 14:57:17 GMT"
           time="326.866" errors="0">
    <testcase name="" time="1.113" classname="com.motioncore.automationtests.IntegrationTest"/>
    <testcase name="" time="0.171" classname="com.motioncore.automationtests.IntegrationTest"/>
    <testcase name="" time="5.749" classname="com.motioncore.automationtests.IntegrationTest"/>
    <testcase name="" time="5.659" classname="com.motioncore.automationtests.IntegrationTest"/>
    <testcase name="" time="4.516" classname="com.motioncore.automationtests.IntegrationTest"/>
    <testcase name="" time="4.748" classname="com.motioncore.automationtests.IntegrationTest"/>
    <testcase name="" time="4.505" classname="com.motioncore.automationtests.IntegrationTest"/>
    <testcase name="" time="4.521" classname="com.motioncore.automationtests.IntegrationTest"/>
    <testcase name="" time="9.181" classname="com.motioncore.automationtests.IntegrationTest"/>
    <testcase name="" time="9.414" classname="com.motioncore.automationtests.IntegrationTest"/>
    <testcase name="" time="2.413" classname="com.motioncore.automationtests.IntegrationTest"/>
    <testcase name="" time="3.815" classname="com.motioncore.automationtests.IntegrationTest"/>
    <testcase name="" time="2.453" classname="com.motioncore.automationtests.IntegrationTest"/>
    <testcase name="" time="8.324" classname="com.motioncore.automationtests.IntegrationTest"/>
    <testcase name="" time="0.504" classname="com.motioncore.automationtests.IntegrationTest"/>
    <testcase name="" time="0.678" classname="com.motioncore.automationtests.IntegrationTest"/>
    <testcase name="" time="1.016" classname="com.motioncore.automationtests.IntegrationTest"/>
    <testcase name="" time="7.83" classname="com.motioncore.automationtests.IntegrationTest"/>
    <testcase name="" time="3.227" classname="com.motioncore.automationtests.IntegrationTest"/>
    <testcase name="" time="3.969" classname="com.motioncore.automationtests.IntegrationTest"/>
    <testcase name="" time="4.835" classname="com.motioncore.automationtests.IntegrationTest"/>
    <testcase name="" time="1.572" classname="com.motioncore.automationtests.IntegrationTest"/>
    <testcase name="" time="5.918" classname="com.motioncore.automationtests.IntegrationTest"/>
    <testcase name="" time="13.068" classname="com.motioncore.automationtests.IntegrationTest"/>
    <testcase name="" time="6.868" classname="com.motioncore.automationtests.IntegrationTest"/>
    <testcase name="" time="10.134" classname="com.motioncore.automationtests.IntegrationTest"/>
    <testcase name="" time="1.784" classname="com.motioncore.automationtests.IntegrationTest"/>
    <testcase name="" time="1.14" classname="com.motioncore.automationtests.IntegrationTest"/>
    <testcase name="" time="9.342" classname="com.motioncore.automationtests.IntegrationTest"/>
    <testcase name="" time="9.267" classname="com.motioncore.automationtests.IntegrationTest"/>
    <testcase name="" time="9.25" classname="com.motioncore.automationtests.IntegrationTest"/>
    <testcase name="" time="9.243" classname="com.motioncore.automationtests.IntegrationTest"/>
    <testcase name="" time="9.283" classname="com.motioncore.automationtests.IntegrationTest"/>
    <testcase name="" time="9.248" classname="com.motioncore.automationtests.IntegrationTest"/>
    <testcase name="" time="9.313" classname="com.motioncore.automationtests.IntegrationTest"/>
    <testcase name="" time="6.616" classname="com.motioncore.automationtests.IntegrationTest"/>
    <testcase name="" time="30.865" classname="com.motioncore.automationtests.IntegrationTest"/>
    <testcase name="" time="52.262" classname="com.motioncore.automationtests.IntegrationTest"/>
    <testcase name="" time="25.673" classname="com.motioncore.automationtests.IntegrationTest"/>
    <testcase name="" time="17.336" classname="com.motioncore.automationtests.IntegrationTest"/>
</testsuite> <!-- IntegrationTest -->
