<?xml version="1.0" encoding="UTF-8"?>
<!-- Generated by org.testng.reporters.JUnitXMLReporter -->
<testsuite hostname="MP-LAP-321" name="UATTest" tests="40" failures="0" timestamp="30 Nov 2018 19:18:26 GMT"
           time="395.03" errors="0">
    <testcase name="" time="1.634" classname="com.motioncore.automationtestsuat.UatIntegrationTest"/>
    <testcase name="" time="0.156" classname="com.motioncore.automationtestsuat.UatIntegrationTest"/>
    <testcase name="" time="6.484" classname="com.motioncore.automationtestsuat.UatIntegrationTest"/>
    <testcase name="" time="31.568" classname="com.motioncore.automationtestsuat.UatIntegrationTest"/>
    <testcase name="" time="4.447" classname="com.motioncore.automationtestsuat.UatIntegrationTest"/>
    <testcase name="" time="4.775" classname="com.motioncore.automationtestsuat.UatIntegrationTest"/>
    <testcase name="" time="4.471" classname="com.motioncore.automationtestsuat.UatIntegrationTest"/>
    <testcase name="" time="4.49" classname="com.motioncore.automationtestsuat.UatIntegrationTest"/>
    <testcase name="" time="9.837" classname="com.motioncore.automationtestsuat.UatIntegrationTest"/>
    <testcase name="" time="11.064" classname="com.motioncore.automationtestsuat.UatIntegrationTest"/>
    <testcase name="" time="3.01" classname="com.motioncore.automationtestsuat.UatIntegrationTest"/>
    <testcase name="" time="5.554" classname="com.motioncore.automationtestsuat.UatIntegrationTest"/>
    <testcase name="" time="2.768" classname="com.motioncore.automationtestsuat.UatIntegrationTest"/>
    <testcase name="" time="8.325" classname="com.motioncore.automationtestsuat.UatIntegrationTest"/>
    <testcase name="" time="0.688" classname="com.motioncore.automationtestsuat.UatIntegrationTest"/>
    <testcase name="" time="0.752" classname="com.motioncore.automationtestsuat.UatIntegrationTest"/>
    <testcase name="" time="0.695" classname="com.motioncore.automationtestsuat.UatIntegrationTest"/>
    <testcase name="" time="7.81" classname="com.motioncore.automationtestsuat.UatIntegrationTest"/>
    <testcase name="" time="3.247" classname="com.motioncore.automationtestsuat.UatIntegrationTest"/>
    <testcase name="" time="5.417" classname="com.motioncore.automationtestsuat.UatIntegrationTest"/>
    <testcase name="" time="4.609" classname="com.motioncore.automationtestsuat.UatIntegrationTest"/>
    <testcase name="" time="3.27" classname="com.motioncore.automationtestsuat.UatIntegrationTest"/>
    <testcase name="" time="8.462" classname="com.motioncore.automationtestsuat.UatIntegrationTest"/>
    <testcase name="" time="12.938" classname="com.motioncore.automationtestsuat.UatIntegrationTest"/>
    <testcase name="" time="6.882" classname="com.motioncore.automationtestsuat.UatIntegrationTest"/>
    <testcase name="" time="10.25" classname="com.motioncore.automationtestsuat.UatIntegrationTest"/>
    <testcase name="" time="1.875" classname="com.motioncore.automationtestsuat.UatIntegrationTest"/>
    <testcase name="" time="1.23" classname="com.motioncore.automationtestsuat.UatIntegrationTest"/>
    <testcase name="" time="9.303" classname="com.motioncore.automationtestsuat.UatIntegrationTest"/>
    <testcase name="" time="9.237" classname="com.motioncore.automationtestsuat.UatIntegrationTest"/>
    <testcase name="" time="9.224" classname="com.motioncore.automationtestsuat.UatIntegrationTest"/>
    <testcase name="" time="9.222" classname="com.motioncore.automationtestsuat.UatIntegrationTest"/>
    <testcase name="" time="9.282" classname="com.motioncore.automationtestsuat.UatIntegrationTest"/>
    <testcase name="" time="9.235" classname="com.motioncore.automationtestsuat.UatIntegrationTest"/>
    <testcase name="" time="9.261" classname="com.motioncore.automationtestsuat.UatIntegrationTest"/>
    <testcase name="" time="7.376" classname="com.motioncore.automationtestsuat.UatIntegrationTest"/>
    <testcase name="" time="31.231" classname="com.motioncore.automationtestsuat.UatIntegrationTest"/>
    <testcase name="" time="52.46" classname="com.motioncore.automationtestsuat.UatIntegrationTest"/>
    <testcase name="" time="53.554" classname="com.motioncore.automationtestsuat.UatIntegrationTest"/>
    <testcase name="" time="18.897" classname="com.motioncore.automationtestsuat.UatIntegrationTest"/>
</testsuite> <!-- UATTest -->
