<?xml version="1.0" encoding="UTF-8"?>
<!-- Generated by org.testng.reporters.JUnitXMLReporter -->
<testsuite hostname="MP-LAP-321" name="MotionCore_Integration_SmokeTest" tests="39" failures="0"
           timestamp="12 Dec 2018 16:55:52 GMT" time="350.18" errors="0">
    <testcase name="accesLoginPage" time="1.744" classname="com.motioncore.automationtests.IntegrationTest"/>
    <testcase name="accesForgotPasswordPage" time="0.186" classname="com.motioncore.automationtests.IntegrationTest"/>
    <testcase name="tamLogin" time="7.235" classname="com.motioncore.automationtests.IntegrationTest"/>
    <testcase name="accountCoordinator" time="10.135" classname="com.motioncore.automationtests.IntegrationTest"/>
    <testcase name="tpmComponents" time="0.567" classname="com.motioncore.automationtests.IntegrationTest"/>
    <testcase name="tpmUserProfileLink" time="3.33" classname="com.motioncore.automationtests.IntegrationTest"/>
    <testcase name="tpmChangePasswordLink" time="2.988" classname="com.motioncore.automationtests.IntegrationTest"/>
    <testcase name="tpmAdminDashboardLink" time="3.425" classname="com.motioncore.automationtests.IntegrationTest"/>
    <testcase name="tpmActivityStatsLink" time="7.728" classname="com.motioncore.automationtests.IntegrationTest"/>
    <testcase name="tmComponents" time="8.466" classname="com.motioncore.automationtests.IntegrationTest"/>
    <testcase name="tmUserProfileLink" time="0.426" classname="com.motioncore.automationtests.IntegrationTest"/>
    <testcase name="tmChangePasswordLink" time="1.617" classname="com.motioncore.automationtests.IntegrationTest"/>
    <testcase name="tmImpersonateUserLink" time="0.503" classname="com.motioncore.automationtests.IntegrationTest"/>
    <testcase name="tmProductFeedbackLink" time="7.008" classname="com.motioncore.automationtests.IntegrationTest"/>
    <testcase name="tmHelpLink" time="3.683" classname="com.motioncore.automationtests.IntegrationTest"/>
    <testcase name="tmGlossaryPageAccess" time="7.613" classname="com.motioncore.automationtests.IntegrationTest"/>
    <testcase name="tmLiveEditAccess" time="8.719" classname="com.motioncore.automationtests.IntegrationTest"/>
    <testcase name="tmFeedbackDashboardAccess" time="2.525" classname="com.motioncore.automationtests.IntegrationTest"/>
    <testcase name="tmAdminToolsAccess" time="1.103" classname="com.motioncore.automationtests.IntegrationTest"/>
    <testcase name="tmTextBenchSettingsAccess" time="7.231" classname="com.motioncore.automationtests.IntegrationTest"/>
    <testcase name="contractorNonTranslatablesAccess" time="11.046"
              classname="com.motioncore.automationtests.IntegrationTest"/>
    <testcase name="contractorBannedTermsAccess" time="6.752"
              classname="com.motioncore.automationtests.IntegrationTest"/>
    <testcase name="contractorReportsAccess" time="10.71" classname="com.motioncore.automationtests.IntegrationTest"/>
    <testcase name="accessControlCenterPage" time="1.394" classname="com.motioncore.automationtests.IntegrationTest"/>
    <testcase name="accessCCAdminPage" time="1.742" classname="com.motioncore.automationtests.IntegrationTest"/>
    <testcase name="accessUserAdministrationPage" time="9.324"
              classname="com.motioncore.automationtests.IntegrationTest"/>
    <testcase name="accessGroupAdministrationPage" time="9.264"
              classname="com.motioncore.automationtests.IntegrationTest"/>
    <testcase name="accessCustomersPage" time="9.228" classname="com.motioncore.automationtests.IntegrationTest"/>
    <testcase name="accessContractorsPage" time="9.248" classname="com.motioncore.automationtests.IntegrationTest"/>
    <testcase name="accessUserAuditEventsPage" time="9.282" classname="com.motioncore.automationtests.IntegrationTest"/>
    <testcase name="accessApplicationsPage" time="9.255" classname="com.motioncore.automationtests.IntegrationTest"/>
    <testcase name="accessProjectConfigPage" time="9.314" classname="com.motioncore.automationtests.IntegrationTest"/>
    <testcase name="accessFelixbleWorkflowSetupPage" time="6.191"
              classname="com.motioncore.automationtests.IntegrationTest"/>
    <testcase name="tmTaskAssignment" time="24.206" classname="com.motioncore.automationtests.IntegrationTest"/>
    <testcase name="tmContractorTaskAssignment" time="34.781"
              classname="com.motioncore.automationtests.IntegrationTest"/>
    <testcase name="translatorAction" time="32.707" classname="com.motioncore.automationtests.IntegrationTest"/>
    <testcase name="reviewerAction" time="22.195" classname="com.motioncore.automationtests.IntegrationTest"/>
    <testcase name="resetContractorTaskAssignment" time="27.842"
              classname="com.motioncore.automationtests.IntegrationTest"/>
    <testcase name="resetTamTaskAssignment" time="19.438" classname="com.motioncore.automationtests.IntegrationTest"/>
</testsuite> <!-- MotionCore_Integration_SmokeTest -->
